0 info it worked if it ends with ok
1 verbose cli [ '/usr/bin/node', '/usr/bin/npm', 'install', 'express-session' ]
2 info using npm@1.4.28
3 info using node@v0.10.37
4 verbose node symlink /usr/bin/node
5 warn package.json Random_Chat_server@0.0.1 No repository field.
6 verbose readDependencies using package.json deps
7 verbose cache add [ 'express-session', null ]
8 verbose cache add name=undefined spec="express-session" args=["express-session",null]
9 verbose parsed url { protocol: null,
9 verbose parsed url   slashes: null,
9 verbose parsed url   auth: null,
9 verbose parsed url   host: null,
9 verbose parsed url   port: null,
9 verbose parsed url   hostname: null,
9 verbose parsed url   hash: null,
9 verbose parsed url   search: null,
9 verbose parsed url   query: null,
9 verbose parsed url   pathname: 'express-session',
9 verbose parsed url   path: 'express-session',
9 verbose parsed url   href: 'express-session' }
10 silly lockFile 6ca9c35e-express-session express-session
11 verbose lock express-session /home/robin/.npm/6ca9c35e-express-session.lock
12 silly lockFile 6ca9c35e-express-session express-session
13 silly lockFile 6ca9c35e-express-session express-session
14 verbose addNamed [ 'express-session', '' ]
15 verbose addNamed [ null, '*' ]
16 silly lockFile 03cac062-express-session express-session@
17 verbose lock express-session@ /home/robin/.npm/03cac062-express-session.lock
18 silly addNameRange { name: 'express-session', range: '*', hasData: false }
19 verbose request where is /express-session
20 verbose request registry https://registry.npmjs.org/
21 verbose request id b5e6c6522eb4a320
22 verbose url raw /express-session
23 verbose url resolving [ 'https://registry.npmjs.org/', './express-session' ]
24 verbose url resolved https://registry.npmjs.org/express-session
25 verbose request where is https://registry.npmjs.org/express-session
26 info trying registry request attempt 1 at 17:21:31
27 verbose etag "CEGLF7AT4VL3TX7YWQCLPTNFW"
28 http GET https://registry.npmjs.org/express-session
29 http 200 https://registry.npmjs.org/express-session
30 silly registry.get cb [ 200,
30 silly registry.get   { server: 'CouchDB/1.5.0 (Erlang OTP/R16B03)',
30 silly registry.get     etag: '"7D6C5WSJ77912FVA49ZAKPSC9"',
30 silly registry.get     'content-type': 'application/json',
30 silly registry.get     'cache-control': 'max-age=60',
30 silly registry.get     'content-length': '87010',
30 silly registry.get     'accept-ranges': 'bytes',
30 silly registry.get     date: 'Thu, 09 Jul 2015 11:51:35 GMT',
30 silly registry.get     via: '1.1 varnish',
30 silly registry.get     age: '52',
30 silly registry.get     connection: 'keep-alive',
30 silly registry.get     'x-served-by': 'cache-sin6924-SIN',
30 silly registry.get     'x-cache': 'HIT',
30 silly registry.get     'x-cache-hits': '2',
30 silly registry.get     'x-timer': 'S1436442695.814711,VS0,VE0',
30 silly registry.get     vary: 'Accept' } ]
31 silly addNameRange number 2 { name: 'express-session', range: '*', hasData: true }
32 silly addNameRange versions [ 'express-session',
32 silly addNameRange   [ '1.0.0',
32 silly addNameRange     '1.0.1',
32 silly addNameRange     '1.0.2',
32 silly addNameRange     '1.0.3',
32 silly addNameRange     '1.0.4',
32 silly addNameRange     '1.1.0',
32 silly addNameRange     '1.2.0',
32 silly addNameRange     '1.2.1',
32 silly addNameRange     '1.3.0',
32 silly addNameRange     '1.3.1',
32 silly addNameRange     '1.4.0',
32 silly addNameRange     '1.5.0',
32 silly addNameRange     '1.5.1',
32 silly addNameRange     '1.5.2',
32 silly addNameRange     '1.6.0',
32 silly addNameRange     '1.6.1',
32 silly addNameRange     '1.6.2',
32 silly addNameRange     '1.6.3',
32 silly addNameRange     '1.6.4',
32 silly addNameRange     '1.6.5',
32 silly addNameRange     '1.7.0',
32 silly addNameRange     '1.7.1',
32 silly addNameRange     '1.7.2',
32 silly addNameRange     '1.7.3',
32 silly addNameRange     '1.7.4',
32 silly addNameRange     '1.7.5',
32 silly addNameRange     '1.7.6',
32 silly addNameRange     '1.8.0',
32 silly addNameRange     '1.8.1',
32 silly addNameRange     '1.8.2',
32 silly addNameRange     '1.9.0',
32 silly addNameRange     '1.9.1',
32 silly addNameRange     '1.9.2',
32 silly addNameRange     '1.9.3',
32 silly addNameRange     '1.10.0',
32 silly addNameRange     '1.10.1',
32 silly addNameRange     '1.10.2',
32 silly addNameRange     '1.10.3',
32 silly addNameRange     '1.10.4',
32 silly addNameRange     '1.11.0',
32 silly addNameRange     '1.11.1',
32 silly addNameRange     '1.11.2',
32 silly addNameRange     '1.11.3' ] ]
33 verbose addNamed [ 'express-session', '1.11.3' ]
34 verbose addNamed [ '1.11.3', '1.11.3' ]
35 silly lockFile f67288dc-express-session-1-11-3 express-session@1.11.3
36 verbose lock express-session@1.11.3 /home/robin/.npm/f67288dc-express-session-1-11-3.lock
37 silly lockFile c09bdc8b-ssion-express-session-1-11-3-tgz https://registry.npmjs.org/express-session/-/express-session-1.11.3.tgz
38 verbose lock https://registry.npmjs.org/express-session/-/express-session-1.11.3.tgz /home/robin/.npm/c09bdc8b-ssion-express-session-1-11-3-tgz.lock
39 verbose addRemoteTarball [ 'https://registry.npmjs.org/express-session/-/express-session-1.11.3.tgz',
39 verbose addRemoteTarball   '5cc98f3f5ff84ed835f91cbf0aabd0c7107400af' ]
40 info retry fetch attempt 1 at 17:21:31
41 verbose fetch to= /tmp/npm-13489-QKAk-TQR/registry.npmjs.org/express-session/-/express-session-1.11.3.tgz
42 http GET https://registry.npmjs.org/express-session/-/express-session-1.11.3.tgz
43 http 200 https://registry.npmjs.org/express-session/-/express-session-1.11.3.tgz
44 silly lockFile c09bdc8b-ssion-express-session-1-11-3-tgz https://registry.npmjs.org/express-session/-/express-session-1.11.3.tgz
45 silly lockFile c09bdc8b-ssion-express-session-1-11-3-tgz https://registry.npmjs.org/express-session/-/express-session-1.11.3.tgz
46 silly lockFile f67288dc-express-session-1-11-3 express-session@1.11.3
47 silly lockFile f67288dc-express-session-1-11-3 express-session@1.11.3
48 silly lockFile 03cac062-express-session express-session@
49 silly lockFile 03cac062-express-session express-session@
50 error Error: EACCES, mkdir '/home/robin/.npm/express-session/1.11.3'
50 error  { [Error: EACCES, mkdir '/home/robin/.npm/express-session/1.11.3']
50 error   errno: 3,
50 error   code: 'EACCES',
50 error   path: '/home/robin/.npm/express-session/1.11.3',
50 error   parent: 'Random_Chat_server' }
51 error Please try running this command again as root/Administrator.
52 error System Linux 3.13.0-57-generic
53 error command "/usr/bin/node" "/usr/bin/npm" "install" "express-session"
54 error cwd /var/www/html/Random/server
55 error node -v v0.10.37
56 error npm -v 1.4.28
57 error path /home/robin/.npm/express-session/1.11.3
58 error code EACCES
59 error errno 3
60 error stack Error: EACCES, mkdir '/home/robin/.npm/express-session/1.11.3'
61 verbose exit [ 3, true ]
